<?xml version="1.0" encoding="UTF-8" ?>
<testsuite tests="20" failures="1" name="UserTester" time="1.245" errors="0" skipped="0">
  <properties>
[...]
</properties>
  <testcase classname="UserTester" name="UserTester.testLoginAdmin" time="0.825"/>
  <testcase classname="UserTester" name="UserTester.testLoginAdminF" time="0.039"/>
  <testcase classname="UserTester" name="UserTester.testAddF" time="0.048"/>
  <testcase classname="UserTester" name="UserTester.testGetUserF" time="0.033"/>
  <testcase classname="UserTester" name="UserTester.testUsername" time="0.034"/>
  <testcase classname="UserTester" name="UserTester.testEmty" time="0"/>
  <testcase classname="UserTester" name="UserTester.testAddF1" time="0.03"/>
  <testcase classname="UserTester" name="UserTester.testAddF2" time="0"/>
  <testcase classname="UserTester" name="UserTester.testGetUser" time="0.035"/>
  <testcase classname="UserTester" name="UserTester.testLoginF" time="0.023"/>
  <testcase classname="UserTester" name="UserTester.testPass" time="0"/>
  <testcase classname="UserTester" name="UserTester.testSearch" time="0.038"/>
  <testcase classname="UserTester" name="UserTester.testisEmty" time="0"/>
  <testcase classname="UserTester" name="UserTester.testPassKm" time="0.001"/>
  <testcase classname="UserTester" name="UserTester.testLogin" time="0.025"/>
  <testcase classname="UserTester" name="UserTester.testDel" time="0.02">
    <failure message="expected: &lt;true&gt; but was: &lt;false&gt;" type="org.opentest4j.AssertionFailedError">org.opentest4j.AssertionFailedError: expected: &lt;true&gt; but was: &lt;false&gt;
	at org.junit.jupiter.api.AssertionFailureBuilder.build(AssertionFailureBuilder.java:151)
	at org.junit.jupiter.api.AssertionFailureBuilder.buildAndThrow(AssertionFailureBuilder.java:132)
	at org.junit.jupiter.api.AssertTrue.failNotTrue(AssertTrue.java:63)
	at org.junit.jupiter.api.AssertTrue.assertTrue(AssertTrue.java:36)
	at org.junit.jupiter.api.AssertTrue.assertTrue(AssertTrue.java:31)
	at org.junit.jupiter.api.Assertions.assertTrue(Assertions.java:180)
	at UserTester.testDel(UserTester.java:218)
</failure>
  </testcase>
  <testcase classname="UserTester" name="UserTester.testUpdateF" time="0"/>
  <testcase classname="UserTester" name="UserTester.testUpdate" time="0.047"/>
  <testcase classname="UserTester" name="UserTester.testUsernameF" time="0.028"/>
  <testcase classname="UserTester" name="UserTester.testDelF" time="0.019"/>
</testsuite>